# JRE version: OpenJDK Runtime Environment Temurin-17.0.8+7 (17.0.8+7) (build 17.0.8+7)
# Java VM: OpenJDK 64-Bit Server VM Temurin-17.0.8+7 (17.0.8+7, mixed mode, sharing, tiered, compressed oops, compressed class ptrs, g1 gc, windows-amd64)
GC Precious Log:
 CPUs: 4 total, 4 available
 Memory: 3822M
 Large Page Support: Disabled
 NUMA Support: Disabled
 Compressed Oops: Enabled (Zero based)
 Heap Region Size: 2M
 Heap Min Capacity: 8M
 Heap Initial Capacity: 60M
 Heap Max Capacity: 3G
 Pre-touch: Disabled
 Parallel Workers: 4
 Concurrent Workers: 1
 Concurrent Refinement Workers: 4
 Periodic GC: Disabled
Heap:
 garbage-first heap   total 835584K, used 290652K [0x0000000740000000, 0x0000000800000000)
  region size 2048K, 6 young (12288K), 6 survivors (12288K)
 Metaspace       used 62767K, committed 63424K, reserved 1114112K
  class space    used 8701K, committed 9024K, reserved 1048576K
GC Heap History (20 events):
Event: 82.363 GC heap after
{Heap after GC invocations=39 (full 0):
 garbage-first heap   total 145408K, used 52088K [0x0000000740000000, 0x0000000800000000)
  region size 2048K, 3 young (6144K), 3 survivors (6144K)
 Metaspace       used 59914K, committed 60480K, reserved 1114112K
  class space    used 8177K, committed 8448K, reserved 1048576K
}
Event: 84.020 GC heap before
{Heap before GC invocations=39 (full 0):
 garbage-first heap   total 145408K, used 121720K [0x0000000740000000, 0x0000000800000000)
  region size 2048K, 35 young (71680K), 3 survivors (6144K)
 Metaspace       used 62602K, committed 63296K, reserved 1114112K
  class space    used 8686K, committed 9024K, reserved 1048576K
}
Event: 84.086 GC heap after
{Heap after GC invocations=40 (full 0):
 garbage-first heap   total 342016K, used 84609K [0x0000000740000000, 0x0000000800000000)
  region size 2048K, 5 young (10240K), 5 survivors (10240K)
 Metaspace       used 62602K, committed 63296K, reserved 1114112K
  class space    used 8686K, committed 9024K, reserved 1048576K
}
Event: 85.359 GC heap before
{Heap before GC invocations=40 (full 0):
 garbage-first heap   total 342016K, used 254593K [0x0000000740000000, 0x0000000800000000)
  region size 2048K, 84 young (172032K), 5 survivors (10240K)
 Metaspace       used 62734K, committed 63424K, reserved 1114112K
  class space    used 8698K, committed 9024K, reserved 1048576K
}
Event: 85.730 GC heap after
{Heap after GC invocations=41 (full 0):
 garbage-first heap   total 372736K, used 192265K [0x0000000740000000, 0x0000000800000000)
  region size 2048K, 11 young (22528K), 11 survivors (22528K)
 Metaspace       used 62734K, committed 63424K, reserved 1114112K
  class space    used 8698K, committed 9024K, reserved 1048576K
}
Event: 86.027 GC heap before
{Heap before GC invocations=41 (full 0):
 garbage-first heap   total 372736K, used 200457K [0x0000000740000000, 0x0000000800000000)
  region size 2048K, 15 young (30720K), 11 survivors (22528K)
 Metaspace       used 62735K, committed 63424K, reserved 1114112K
  class space    used 8698K, committed 9024K, reserved 1048576K
}
Event: 86.144 GC heap after
{Heap after GC invocations=42 (full 0):
 garbage-first heap   total 372736K, used 197025K [0x0000000740000000, 0x0000000800000000)
  region size 2048K, 2 young (4096K), 2 survivors (4096K)
 Metaspace       used 62735K, committed 63424K, reserved 1114112K
  class space    used 8698K, committed 9024K, reserved 1048576K
}
Event: 86.655 GC heap before
{Heap before GC invocations=42 (full 0):
 garbage-first heap   total 372736K, used 262561K [0x0000000740000000, 0x0000000800000000)
  region size 2048K, 34 young (69632K), 2 survivors (4096K)
 Metaspace       used 62735K, committed 63424K, reserved 1114112K
  class space    used 8698K, committed 9024K, reserved 1048576K
}
Event: 86.751 GC heap after
{Heap after GC invocations=43 (full 0):
 garbage-first heap   total 372736K, used 210944K [0x0000000740000000, 0x0000000800000000)
  region size 2048K, 5 young (10240K), 5 survivors (10240K)
 Metaspace       used 62735K, committed 63424K, reserved 1114112K
  class space    used 8698K, committed 9024K, reserved 1048576K
}
Event: 86.787 GC heap before
{Heap before GC invocations=43 (full 0):
 garbage-first heap   total 372736K, used 219136K [0x0000000740000000, 0x0000000800000000)
  region size 2048K, 9 young (18432K), 5 survivors (10240K)
 Metaspace       used 62739K, committed 63424K, reserved 1114112K
  class space    used 8698K, committed 9024K, reserved 1048576K
}
Event: 86.806 GC heap after
{Heap after GC invocations=44 (full 0):
 garbage-first heap   total 835584K, used 214779K [0x0000000740000000, 0x0000000800000000)
  region size 2048K, 2 young (4096K), 2 survivors (4096K)
 Metaspace       used 62739K, committed 63424K, reserved 1114112K
  class space    used 8698K, committed 9024K, reserved 1048576K
}
Event: 87.138 GC heap before
{Heap before GC invocations=44 (full 0):
 garbage-first heap   total 798720K, used 251643K [0x0000000740000000, 0x0000000800000000)
  region size 2048K, 20 young (40960K), 2 survivors (4096K)
 Metaspace       used 62739K, committed 63424K, reserved 1114112K
  class space    used 8698K, committed 9024K, reserved 1048576K
}
Event: 87.159 GC heap after
{Heap after GC invocations=45 (full 0):
 garbage-first heap   total 798720K, used 223064K [0x0000000740000000, 0x0000000800000000)
  region size 2048K, 3 young (6144K), 3 survivors (6144K)
 Metaspace       used 62739K, committed 63424K, reserved 1114112K
  class space    used 8698K, committed 9024K, reserved 1048576K
}
Event: 87.251 GC heap before
{Heap before GC invocations=45 (full 0):
 garbage-first heap   total 798720K, used 255832K [0x0000000740000000, 0x0000000800000000)
  region size 2048K, 19 young (38912K), 3 survivors (6144K)
 Metaspace       used 62739K, committed 63424K, reserved 1114112K
  class space    used 8698K, committed 9024K, reserved 1048576K
}
Event: 87.273 GC heap after
{Heap after GC invocations=46 (full 0):
 garbage-first heap   total 798720K, used 230984K [0x0000000740000000, 0x0000000800000000)
  region size 2048K, 3 young (6144K), 3 survivors (6144K)
 Metaspace       used 62739K, committed 63424K, reserved 1114112K
  class space    used 8698K, committed 9024K, reserved 1048576K
}
Event: 87.813 GC heap before
{Heap before GC invocations=47 (full 0):
 garbage-first heap   total 798720K, used 298568K [0x0000000740000000, 0x0000000800000000)
  region size 2048K, 36 young (73728K), 3 survivors (6144K)
 Metaspace       used 62741K, committed 63424K, reserved 1114112K
  class space    used 8698K, committed 9024K, reserved 1048576K
}
Event: 87.922 GC heap after
{Heap after GC invocations=48 (full 0):
 garbage-first heap   total 798720K, used 247090K [0x0000000740000000, 0x0000000800000000)
  region size 2048K, 5 young (10240K), 5 survivors (10240K)
 Metaspace       used 62741K, committed 63424K, reserved 1114112K
  class space    used 8698K, committed 9024K, reserved 1048576K
}
Event: 88.002 GC heap before
{Heap before GC invocations=48 (full 0):
 garbage-first heap   total 798720K, used 275762K [0x0000000740000000, 0x0000000800000000)
  region size 2048K, 19 young (38912K), 5 survivors (10240K)
 Metaspace       used 62741K, committed 63424K, reserved 1114112K
  class space    used 8698K, committed 9024K, reserved 1048576K
}
Event: 88.043 GC heap after
{Heap after GC invocations=49 (full 0):
 garbage-first heap   total 798720K, used 253192K [0x0000000740000000, 0x0000000800000000)
  region size 2048K, 3 young (6144K), 3 survivors (6144K)
 Metaspace       used 62741K, committed 63424K, reserved 1114112K
  class space    used 8698K, committed 9024K, reserved 1048576K
}
Event: 88.822 GC heap before
{Heap before GC invocations=49 (full 0):
 garbage-first heap   total 798720K, used 337160K [0x0000000740000000, 0x0000000800000000)
  region size 2048K, 44 young (90112K), 3 survivors (6144K)
 Metaspace       used 62767K, committed 63424K, reserved 1114112K
  class space    used 8701K, committed 9024K, reserved 1048576K
}

